<?xml version="1.0" encoding="UTF-8"?>
<!-- Generated by org.testng.reporters.JUnitReportReporter -->
<testsuite hostname="DESKTOP-M4ENJ6R" failures="0" tests="4" name="api.gorest.tests.gorestAPITest" time="7.310" errors="0" timestamp="2024-04-26T23:38:09 BST" skipped="0">
  <testcase classname="api.gorest.tests.gorestAPITest" name="testCreateUser" time="4.890"/>
  <testcase classname="api.gorest.tests.gorestAPITest" name="testGetUserById" time="0.813"/>
  <testcase classname="api.gorest.tests.gorestAPITest" name="testUpdateUser" time="0.807"/>
  <testcase classname="api.gorest.tests.gorestAPITest" name="testDeleteUser" time="0.800"/>
</testsuite> <!-- api.gorest.tests.gorestAPITest -->
