<?xml version="1.0" encoding="UTF-8"?>
<!-- Generated by org.testng.reporters.JUnitReportReporter -->
<testsuite hostname="DESKTOP-M4ENJ6R" failures="0" tests="2" name="api.gorest.tests.gorestAPITest" time="5.541" errors="0" timestamp="2024-04-26T00:45:41 BST" skipped="0">
  <testcase classname="api.gorest.tests.gorestAPITest" name="testCreateUser" time="4.784"/>
  <testcase classname="api.gorest.tests.gorestAPITest" name="testGetUserById" time="0.757"/>
</testsuite> <!-- api.gorest.tests.gorestAPITest -->
